<?xml version="1.0" encoding="UTF-8"?>
<!-- Generated by org.testng.reporters.JUnitReportReporter -->
<testsuite hostname="LAPTOP-7342BOAC" failures="0" tests="1" name="Home" time="29.682" errors="0" timestamp="2022-05-31T12:03:27 IST" skipped="0">
  <testcase classname="Home" name="homePagevalidation" time="29.682"/>
  <system-out/>
</testsuite> <!-- Home -->
