<?xml version="1.0" encoding="UTF-8"?>
<!-- Generated by org.testng.reporters.JUnitReportReporter -->
<testsuite hostname="LAPTOP-7342BOAC" failures="0" tests="1" name="VootHome" time="30.775" errors="0" timestamp="2022-05-28T11:25:48 IST" skipped="0">
  <testcase classname="VootHome" name="homePagevalidation" time="30.775"/>
  <system-out/>
</testsuite> <!-- VootHome -->
