<?xml version="1.0" encoding="UTF-8"?>
<!-- Generated by org.testng.reporters.JUnitReportReporter -->
<testsuite hostname="LAPTOP-7342BOAC" failures="0" tests="1" name="VootHome" time="62.135" errors="0" timestamp="2022-05-29T22:24:42 IST" skipped="0">
  <testcase classname="VootHome" name="homePagevalidation" time="62.135"/>
  <system-out/>
</testsuite> <!-- VootHome -->
