<?xml version="1.0" encoding="UTF-8"?>
<!-- Generated by org.testng.reporters.JUnitReportReporter -->
<testsuite hostname="LAPTOP-7342BOAC" failures="0" tests="1" name="Home" time="15.674" errors="0" timestamp="2022-05-31T12:07:00 IST" skipped="0">
  <testcase classname="Home" name="homePagevalidation" time="15.674"/>
  <system-out/>
</testsuite> <!-- Home -->
